<?xml version="1.0" encoding="UTF-8"?><testsuite errors="0" failures="0" name="io.github.cristaling.university.vvss.features.search.SearchByKeywordStory" skipped="1" tests="3" time="12.44" timestamp="2019-05-20T23:50:26.776+03:00[Europe/Athens]"><testcase classname="io.github.cristaling.university.vvss.features.search.SearchByKeywordStory" name="Searching by keyword banana should display the corresponding article"/><testcase classname="io.github.cristaling.university.vvss.features.search.SearchByKeywordStory" name="Searching by ambiguious keyword should display the disambiguation page"><skipped/></testcase><testcase classname="io.github.cristaling.university.vvss.features.search.SearchByKeywordStory" name="Searching by keyword apple should display the corresponding article"/></testsuite>