<?xml version="1.0" encoding="UTF-8"?><testsuite errors="0" failures="0" name="io.github.cristaling.university.vvss.features.search.SearchEventByKeyword" skipped="0" tests="2" time="14.83" timestamp="2019-05-20T23:37:15.152+03:00[Europe/Athens]"><testcase classname="io.github.cristaling.university.vvss.features.search.SearchEventByKeyword" name="Searching by keyword a should display error"/><testcase classname="io.github.cristaling.university.vvss.features.search.SearchEventByKeyword" name="Searching by keyword muzica should display events"/></testsuite>